This file contains any messages produced by compilers while
running configure, to aid debugging if configure makes a mistake.

It was created by IRCClient configure 0.1.0, which was
generated by GNU Autoconf 2.67.  Invocation command line was

  $ ./configure 

## --------- ##
## Platform. ##
## --------- ##

hostname = ubuntu
uname -m = i686
uname -r = 2.6.38-8-generic-pae
uname -s = Linux
uname -v = #42-Ubuntu SMP Mon Apr 11 05:17:09 UTC 2011

/usr/bin/uname -p = unknown
/bin/uname -X     = unknown

/bin/arch              = unknown
/usr/bin/arch -k       = unknown
/usr/convex/getsysinfo = unknown
/usr/bin/hostinfo      = unknown
/bin/machine           = unknown
/usr/bin/oslevel       = unknown
/bin/universe          = unknown

PATH: /usr/local/sbin
PATH: /usr/local/bin
PATH: /usr/sbin
PATH: /usr/bin
PATH: /sbin
PATH: /bin
PATH: /usr/games


## ----------- ##
## Core tests. ##
## ----------- ##

configure:2421: checking for a BSD-compatible install
configure:2489: result: /usr/bin/install -c
configure:2500: checking whether build environment is sane
configure:2550: result: yes
configure:2691: checking for a thread-safe mkdir -p
configure:2730: result: /bin/mkdir -p
configure:2743: checking for gawk
configure:2773: result: no
configure:2743: checking for mawk
configure:2759: found /usr/bin/mawk
configure:2770: result: mawk
configure:2781: checking whether make sets $(MAKE)
configure:2803: result: yes
configure:2884: checking whether to enable maintainer-specific portions of Makefiles
configure:2893: result: no
configure:2955: checking for gcc
configure:2971: found /usr/bin/gcc
configure:2982: result: gcc
configure:3211: checking for C compiler version
configure:3220: gcc --version >&5
gcc (Ubuntu/Linaro 4.5.2-8ubuntu4) 4.5.2
Copyright (C) 2010 Free Software Foundation, Inc.
This is free software; see the source for copying conditions.  There is NO
warranty; not even for MERCHANTABILITY or FITNESS FOR A PARTICULAR PURPOSE.

configure:3231: $? = 0
configure:3220: gcc -v >&5
Using built-in specs.
COLLECT_GCC=gcc
COLLECT_LTO_WRAPPER=/usr/lib/i386-linux-gnu/gcc/i686-linux-gnu/4.5.2/lto-wrapper
Target: i686-linux-gnu
Configured with: ../src/configure -v --with-pkgversion='Ubuntu/Linaro 4.5.2-8ubuntu4' --with-bugurl=file:///usr/share/doc/gcc-4.5/README.Bugs --enable-languages=c,c++,fortran,objc,obj-c++ --prefix=/usr --program-suffix=-4.5 --enable-shared --enable-multiarch --with-multiarch-defaults=i386-linux-gnu --enable-linker-build-id --with-system-zlib --libexecdir=/usr/lib/i386-linux-gnu --without-included-gettext --enable-threads=posix --with-gxx-include-dir=/usr/include/c++/4.5 --libdir=/usr/lib/i386-linux-gnu --enable-nls --with-sysroot=/ --enable-clocale=gnu --enable-libstdcxx-debug --enable-libstdcxx-time=yes --enable-plugin --enable-gold --enable-ld=default --with-plugin-ld=ld.gold --enable-objc-gc --enable-targets=all --disable-werror --with-arch-32=i686 --with-tune=generic --enable-checking=release --build=i686-linux-gnu --host=i686-linux-gnu --target=i686-linux-gnu
Thread model: posix
gcc version 4.5.2 (Ubuntu/Linaro 4.5.2-8ubuntu4) 
configure:3231: $? = 0
configure:3220: gcc -V >&5
gcc: '-V' option must have argument
configure:3231: $? = 1
configure:3220: gcc -qversion >&5
gcc: unrecognized option '-qversion'
gcc: no input files
configure:3231: $? = 1
configure:3251: checking whether the C compiler works
configure:3273: gcc    conftest.c  >&5
configure:3277: $? = 0
configure:3325: result: yes
configure:3328: checking for C compiler default output file name
configure:3330: result: a.out
configure:3336: checking for suffix of executables
configure:3343: gcc -o conftest    conftest.c  >&5
configure:3347: $? = 0
configure:3369: result: 
configure:3391: checking whether we are cross compiling
configure:3399: gcc -o conftest    conftest.c  >&5
configure:3403: $? = 0
configure:3410: ./conftest
configure:3414: $? = 0
configure:3429: result: no
configure:3434: checking for suffix of object files
configure:3456: gcc -c   conftest.c >&5
configure:3460: $? = 0
configure:3481: result: o
configure:3485: checking whether we are using the GNU C compiler
configure:3504: gcc -c   conftest.c >&5
configure:3504: $? = 0
configure:3513: result: yes
configure:3522: checking whether gcc accepts -g
configure:3542: gcc -c -g  conftest.c >&5
configure:3542: $? = 0
configure:3583: result: yes
configure:3600: checking for gcc option to accept ISO C89
configure:3664: gcc  -c -g -O2  conftest.c >&5
configure:3664: $? = 0
configure:3677: result: none needed
configure:3708: checking for style of include used by make
configure:3736: result: GNU
configure:3761: checking dependency style of gcc
configure:3871: result: gcc3
configure:3887: checking whether gcc and cc understand -c and -o together
configure:3918: gcc -c conftest.c -o conftest2.o >&5
configure:3922: $? = 0
configure:3928: gcc -c conftest.c -o conftest2.o >&5
configure:3932: $? = 0
configure:3943: cc -c conftest.c >&5
configure:3947: $? = 0
configure:3955: cc -c conftest.c -o conftest2.o >&5
configure:3959: $? = 0
configure:3965: cc -c conftest.c -o conftest2.o >&5
configure:3969: $? = 0
configure:3987: result: yes
configure:4072: checking build system type
configure:4086: result: i686-pc-linux-gnu
configure:4106: checking host system type
configure:4119: result: i686-pc-linux-gnu
configure:4139: checking for a sed that does not truncate output
configure:4203: result: /bin/sed
configure:4221: checking for grep that handles long lines and -e
configure:4279: result: /bin/grep
configure:4284: checking for egrep
configure:4346: result: /bin/grep -E
configure:4351: checking for fgrep
configure:4413: result: /bin/grep -F
configure:4448: checking for ld used by gcc
configure:4515: result: /usr/bin/ld
configure:4522: checking if the linker (/usr/bin/ld) is GNU ld
configure:4537: result: yes
configure:4549: checking for BSD- or MS-compatible name lister (nm)
configure:4598: result: /usr/bin/nm -B
configure:4716: checking the name lister (/usr/bin/nm -B) interface
configure:4723: gcc -c -g -O2  conftest.c >&5
configure:4726: /usr/bin/nm -B "conftest.o"
configure:4729: output
00000000 B some_variable
configure:4736: result: BSD nm
configure:4739: checking whether ln -s works
configure:4743: result: yes
configure:4751: checking the maximum length of command line arguments
configure:4871: result: 1572864
configure:4888: checking whether the shell understands some XSI constructs
configure:4898: result: yes
configure:4902: checking whether the shell understands "+="
configure:4908: result: yes
configure:4943: checking for /usr/bin/ld option to reload object files
configure:4950: result: -r
configure:5019: checking for objdump
configure:5035: found /usr/bin/objdump
configure:5046: result: objdump
configure:5078: checking how to recognize dependent libraries
configure:5274: result: pass_all
configure:5334: checking for ar
configure:5350: found /usr/bin/ar
configure:5361: result: ar
configure:5439: checking for strip
configure:5455: found /usr/bin/strip
configure:5466: result: strip
configure:5538: checking for ranlib
configure:5554: found /usr/bin/ranlib
configure:5565: result: ranlib
configure:5655: checking command to parse /usr/bin/nm -B output from gcc object
configure:5773: gcc -c -g -O2  conftest.c >&5
configure:5776: $? = 0
configure:5780: /usr/bin/nm -B conftest.o \| sed -n -e 's/^.*[	 ]\([ABCDGIRSTW][ABCDGIRSTW]*\)[	 ][	 ]*\([_A-Za-z][_A-Za-z0-9]*\)$/\1 \2 \2/p' \> conftest.nm
configure:5783: $? = 0
configure:5837: gcc -o conftest -g -O2   conftest.c conftstm.o >&5
configure:5840: $? = 0
configure:5878: result: ok
configure:6687: checking how to run the C preprocessor
configure:6718: gcc -E  conftest.c
configure:6718: $? = 0
configure:6732: gcc -E  conftest.c
conftest.c:11:28: fatal error: ac_nonexistent.h: No such file or directory
compilation terminated.
configure:6732: $? = 1
configure: failed program was:
| /* confdefs.h */
| #define PACKAGE_NAME "IRCClient"
| #define PACKAGE_TARNAME "IRCClient"
| #define PACKAGE_VERSION "0.1.0"
| #define PACKAGE_STRING "IRCClient 0.1.0"
| #define PACKAGE_BUGREPORT "wolfgang.dinkel@fh-heidelberg.de"
| #define PACKAGE_URL ""
| #define PACKAGE "IRCClient"
| #define VERSION "0.1.0"
| /* end confdefs.h.  */
| #include <ac_nonexistent.h>
configure:6757: result: gcc -E
configure:6777: gcc -E  conftest.c
configure:6777: $? = 0
configure:6791: gcc -E  conftest.c
conftest.c:11:28: fatal error: ac_nonexistent.h: No such file or directory
compilation terminated.
configure:6791: $? = 1
configure: failed program was:
| /* confdefs.h */
| #define PACKAGE_NAME "IRCClient"
| #define PACKAGE_TARNAME "IRCClient"
| #define PACKAGE_VERSION "0.1.0"
| #define PACKAGE_STRING "IRCClient 0.1.0"
| #define PACKAGE_BUGREPORT "wolfgang.dinkel@fh-heidelberg.de"
| #define PACKAGE_URL ""
| #define PACKAGE "IRCClient"
| #define VERSION "0.1.0"
| /* end confdefs.h.  */
| #include <ac_nonexistent.h>
configure:6820: checking for ANSI C header files
configure:6840: gcc -c -g -O2  conftest.c >&5
configure:6840: $? = 0
configure:6913: gcc -o conftest -g -O2   conftest.c  >&5
configure:6913: $? = 0
configure:6913: ./conftest
configure:6913: $? = 0
configure:6924: result: yes
configure:6937: checking for sys/types.h
configure:6937: gcc -c -g -O2  conftest.c >&5
configure:6937: $? = 0
configure:6937: result: yes
configure:6937: checking for sys/stat.h
configure:6937: gcc -c -g -O2  conftest.c >&5
configure:6937: $? = 0
configure:6937: result: yes
configure:6937: checking for stdlib.h
configure:6937: gcc -c -g -O2  conftest.c >&5
configure:6937: $? = 0
configure:6937: result: yes
configure:6937: checking for string.h
configure:6937: gcc -c -g -O2  conftest.c >&5
configure:6937: $? = 0
configure:6937: result: yes
configure:6937: checking for memory.h
configure:6937: gcc -c -g -O2  conftest.c >&5
configure:6937: $? = 0
configure:6937: result: yes
configure:6937: checking for strings.h
configure:6937: gcc -c -g -O2  conftest.c >&5
configure:6937: $? = 0
configure:6937: result: yes
configure:6937: checking for inttypes.h
configure:6937: gcc -c -g -O2  conftest.c >&5
configure:6937: $? = 0
configure:6937: result: yes
configure:6937: checking for stdint.h
configure:6937: gcc -c -g -O2  conftest.c >&5
configure:6937: $? = 0
configure:6937: result: yes
configure:6937: checking for unistd.h
configure:6937: gcc -c -g -O2  conftest.c >&5
configure:6937: $? = 0
configure:6937: result: yes
configure:6951: checking for dlfcn.h
configure:6951: gcc -c -g -O2  conftest.c >&5
configure:6951: $? = 0
configure:6951: result: yes
configure:7105: checking for objdir
configure:7120: result: .libs
configure:7412: checking if gcc supports -fno-rtti -fno-exceptions
configure:7430: gcc -c -g -O2  -fno-rtti -fno-exceptions conftest.c >&5
cc1: warning: command line option "-fno-rtti" is valid for C++/ObjC++ but not for C
configure:7434: $? = 0
configure:7447: result: no
configure:7467: checking for gcc option to produce PIC
configure:7739: result: -fPIC -DPIC
configure:7751: checking if gcc PIC flag -fPIC -DPIC works
configure:7769: gcc -c -g -O2  -fPIC -DPIC -DPIC conftest.c >&5
configure:7773: $? = 0
configure:7786: result: yes
configure:7810: checking if gcc static flag -static works
configure:7838: result: yes
configure:7853: checking if gcc supports -c -o file.o
configure:7874: gcc -c -g -O2  -o out/conftest2.o conftest.c >&5
configure:7878: $? = 0
configure:7900: result: yes
configure:7908: checking if gcc supports -c -o file.o
configure:7955: result: yes
configure:7988: checking whether the gcc linker (/usr/bin/ld) supports shared libraries
configure:8979: result: yes
configure:9016: checking whether -lc should be explicitly linked in
configure:9021: gcc -c -g -O2  conftest.c >&5
configure:9024: $? = 0
configure:9039: gcc -shared conftest.o  -v -Wl,-soname -Wl,conftest -o conftest 2\>\&1 \| /bin/grep  -lc  \>/dev/null 2\>\&1
configure:9042: $? = 0
configure:9054: result: no
configure:9218: checking dynamic linker characteristics
configure:9651: gcc -o conftest -g -O2   -Wl,-rpath -Wl,/foo conftest.c  >&5
configure:9651: $? = 0
configure:9881: result: GNU/Linux ld.so
configure:9983: checking how to hardcode library paths into programs
configure:10008: result: immediate
configure:10528: checking whether stripping libraries is possible
configure:10533: result: yes
configure:10568: checking if libtool supports shared libraries
configure:10570: result: yes
configure:10573: checking whether to build shared libraries
configure:10594: result: yes
configure:10597: checking whether to build static libraries
configure:10601: result: no
configure:10639: checking for valac
configure:10657: found /usr/bin/valac
configure:10670: result: /usr/bin/valac
configure:10690: checking locale.h usability
configure:10690: gcc -c -g -O2  conftest.c >&5
configure:10690: $? = 0
configure:10690: result: yes
configure:10690: checking locale.h presence
configure:10690: gcc -E  conftest.c
configure:10690: $? = 0
configure:10690: result: yes
configure:10690: checking for locale.h
configure:10690: result: yes
configure:10701: checking for LC_MESSAGES
configure:10717: gcc -o conftest -g -O2   conftest.c  >&5
configure:10717: $? = 0
configure:10725: result: yes
configure:10742: checking libintl.h usability
configure:10742: gcc -c -g -O2  conftest.c >&5
configure:10742: $? = 0
configure:10742: result: yes
configure:10742: checking libintl.h presence
configure:10742: gcc -E  conftest.c
configure:10742: $? = 0
configure:10742: result: yes
configure:10742: checking for libintl.h
configure:10742: result: yes
configure:10750: checking for ngettext in libc
configure:10768: gcc -o conftest -g -O2   conftest.c  >&5
configure:10768: $? = 0
configure:10777: result: yes
configure:10781: checking for dgettext in libc
configure:10799: gcc -o conftest -g -O2   conftest.c  >&5
configure:10799: $? = 0
configure:10808: result: yes
configure:10815: checking for bind_textdomain_codeset
configure:10815: gcc -o conftest -g -O2   conftest.c  >&5
configure:10815: $? = 0
configure:10815: result: yes
configure:11091: checking for msgfmt
configure:11118: result: /usr/bin/msgfmt
configure:11129: checking for dcgettext
configure:11129: gcc -o conftest -g -O2   conftest.c   >&5
conftest.c:51:6: warning: conflicting types for built-in function 'dcgettext'
configure:11129: $? = 0
configure:11129: result: yes
configure:11139: checking if msgfmt accepts -c
configure:11154: $MSGFMT -c -o /dev/null conftest.foo
configure:11157: $? = 0
configure:11159: result: yes
configure:11169: checking for gmsgfmt
configure:11200: result: /usr/bin/msgfmt
configure:11210: checking for xgettext
configure:11237: result: /usr/bin/xgettext
configure:11256: gcc -o conftest -g -O2   conftest.c   >&5
configure:11256: $? = 0
configure:11392: checking whether NLS is requested
configure:11401: result: yes
configure:11416: checking for intltool >= 0.35.0
configure:11423: result: 0.41.1 found
configure:11431: checking for intltool-update
configure:11449: found /usr/bin/intltool-update
configure:11461: result: /usr/bin/intltool-update
configure:11471: checking for intltool-merge
configure:11489: found /usr/bin/intltool-merge
configure:11501: result: /usr/bin/intltool-merge
configure:11511: checking for intltool-extract
configure:11529: found /usr/bin/intltool-extract
configure:11541: result: /usr/bin/intltool-extract
configure:11672: checking for xgettext
configure:11702: result: /usr/bin/xgettext
configure:11712: checking for msgmerge
configure:11730: found /usr/bin/msgmerge
configure:11742: result: /usr/bin/msgmerge
configure:11752: checking for msgfmt
configure:11782: result: /usr/bin/msgfmt
configure:11792: checking for gmsgfmt
configure:11823: result: /usr/bin/msgfmt
configure:11843: checking for perl
configure:11861: found /usr/bin/perl
configure:11873: result: /usr/bin/perl
configure:11884: checking for perl >= 5.8.1
configure:11891: result: 5.10.1
configure:11895: checking for XML::Parser
configure:11898: result: ok
configure:12009: checking for pkg-config
configure:12027: found /usr/bin/pkg-config
configure:12039: result: /usr/bin/pkg-config
configure:12064: checking pkg-config is at least version 0.9.0
configure:12067: result: yes
configure:12077: checking for IRCCLIENT
configure:12084: $PKG_CONFIG --exists --print-errors "glib-2.0 >= $GLIB_REQUIRED gobject-2.0 >= $GLIB_REQUIRED"
configure:12087: $? = 0
configure:12100: $PKG_CONFIG --exists --print-errors "glib-2.0 >= $GLIB_REQUIRED gobject-2.0 >= $GLIB_REQUIRED"
configure:12103: $? = 0
configure:12160: result: yes
configure:12297: creating ./config.status

## ---------------------- ##
## Running config.status. ##
## ---------------------- ##

This file was extended by IRCClient config.status 0.1.0, which was
generated by GNU Autoconf 2.67.  Invocation command line was

  CONFIG_FILES    = 
  CONFIG_HEADERS  = 
  CONFIG_LINKS    = 
  CONFIG_COMMANDS = 
  $ ./config.status 

on ubuntu

config.status:1148: creating Makefile
config.status:1148: creating src/Makefile
config.status:1148: creating po/Makefile.in
config.status:1148: creating config.h
config.status:1328: config.h is unchanged
config.status:1376: executing depfiles commands
config.status:1376: executing libtool commands
config.status:1376: executing default-1 commands
config.status:1376: executing po/stamp-it commands

## ---------------- ##
## Cache variables. ##
## ---------------- ##

ac_cv_build=i686-pc-linux-gnu
ac_cv_c_compiler_gnu=yes
ac_cv_env_CC_set=
ac_cv_env_CC_value=
ac_cv_env_CFLAGS_set=
ac_cv_env_CFLAGS_value=
ac_cv_env_CPPFLAGS_set=
ac_cv_env_CPPFLAGS_value=
ac_cv_env_CPP_set=
ac_cv_env_CPP_value=
ac_cv_env_IRCCLIENT_CFLAGS_set=
ac_cv_env_IRCCLIENT_CFLAGS_value=
ac_cv_env_IRCCLIENT_LIBS_set=
ac_cv_env_IRCCLIENT_LIBS_value=
ac_cv_env_LDFLAGS_set=
ac_cv_env_LDFLAGS_value=
ac_cv_env_LIBS_set=
ac_cv_env_LIBS_value=
ac_cv_env_PKG_CONFIG_LIBDIR_set=
ac_cv_env_PKG_CONFIG_LIBDIR_value=
ac_cv_env_PKG_CONFIG_PATH_set=
ac_cv_env_PKG_CONFIG_PATH_value=
ac_cv_env_PKG_CONFIG_set=
ac_cv_env_PKG_CONFIG_value=
ac_cv_env_build_alias_set=
ac_cv_env_build_alias_value=
ac_cv_env_host_alias_set=
ac_cv_env_host_alias_value=
ac_cv_env_target_alias_set=
ac_cv_env_target_alias_value=
ac_cv_func_bind_textdomain_codeset=yes
ac_cv_func_dcgettext=yes
ac_cv_header_dlfcn_h=yes
ac_cv_header_inttypes_h=yes
ac_cv_header_libintl_h=yes
ac_cv_header_locale_h=yes
ac_cv_header_memory_h=yes
ac_cv_header_stdc=yes
ac_cv_header_stdint_h=yes
ac_cv_header_stdlib_h=yes
ac_cv_header_string_h=yes
ac_cv_header_strings_h=yes
ac_cv_header_sys_stat_h=yes
ac_cv_header_sys_types_h=yes
ac_cv_header_unistd_h=yes
ac_cv_host=i686-pc-linux-gnu
ac_cv_objext=o
ac_cv_path_EGREP='/bin/grep -E'
ac_cv_path_FGREP='/bin/grep -F'
ac_cv_path_GMSGFMT=/usr/bin/msgfmt
ac_cv_path_GREP=/bin/grep
ac_cv_path_INTLTOOL_EXTRACT=/usr/bin/intltool-extract
ac_cv_path_INTLTOOL_MERGE=/usr/bin/intltool-merge
ac_cv_path_INTLTOOL_PERL=/usr/bin/perl
ac_cv_path_INTLTOOL_UPDATE=/usr/bin/intltool-update
ac_cv_path_MSGFMT=/usr/bin/msgfmt
ac_cv_path_MSGMERGE=/usr/bin/msgmerge
ac_cv_path_SED=/bin/sed
ac_cv_path_VALAC=/usr/bin/valac
ac_cv_path_XGETTEXT=/usr/bin/xgettext
ac_cv_path_ac_pt_PKG_CONFIG=/usr/bin/pkg-config
ac_cv_path_install='/usr/bin/install -c'
ac_cv_path_mkdir=/bin/mkdir
ac_cv_prog_AWK=mawk
ac_cv_prog_CPP='gcc -E'
ac_cv_prog_ac_ct_AR=ar
ac_cv_prog_ac_ct_CC=gcc
ac_cv_prog_ac_ct_OBJDUMP=objdump
ac_cv_prog_ac_ct_RANLIB=ranlib
ac_cv_prog_ac_ct_STRIP=strip
ac_cv_prog_cc_c89=
ac_cv_prog_cc_g=yes
ac_cv_prog_cc_gcc_c_o=yes
ac_cv_prog_make_make_set=yes
am_cv_CC_dependencies_compiler_type=gcc3
am_cv_val_LC_MESSAGES=yes
gt_cv_func_dgettext_libc=yes
gt_cv_func_dgettext_libintl=no
gt_cv_func_ngettext_libc=yes
gt_cv_have_gettext=yes
lt_cv_deplibs_check_method=pass_all
lt_cv_file_magic_cmd='$MAGIC_CMD'
lt_cv_file_magic_test_file=
lt_cv_ld_reload_flag=-r
lt_cv_nm_interface='BSD nm'
lt_cv_objdir=.libs
lt_cv_path_LD=/usr/bin/ld
lt_cv_path_NM='/usr/bin/nm -B'
lt_cv_prog_compiler_c_o=yes
lt_cv_prog_compiler_pic_works=yes
lt_cv_prog_compiler_rtti_exceptions=no
lt_cv_prog_compiler_static_works=yes
lt_cv_prog_gnu_ld=yes
lt_cv_sys_global_symbol_pipe='sed -n -e '\''s/^.*[	 ]\([ABCDGIRSTW][ABCDGIRSTW]*\)[	 ][	 ]*\([_A-Za-z][_A-Za-z0-9]*\)$/\1 \2 \2/p'\'''
lt_cv_sys_global_symbol_to_c_name_address='sed -n -e '\''s/^: \([^ ]*\) $/  {\"\1\", (void *) 0},/p'\'' -e '\''s/^[ABCDGIRSTW]* \([^ ]*\) \([^ ]*\)$/  {"\2", (void *) \&\2},/p'\'''
lt_cv_sys_global_symbol_to_c_name_address_lib_prefix='sed -n -e '\''s/^: \([^ ]*\) $/  {\"\1\", (void *) 0},/p'\'' -e '\''s/^[ABCDGIRSTW]* \([^ ]*\) \(lib[^ ]*\)$/  {"\2", (void *) \&\2},/p'\'' -e '\''s/^[ABCDGIRSTW]* \([^ ]*\) \([^ ]*\)$/  {"lib\2", (void *) \&\2},/p'\'''
lt_cv_sys_global_symbol_to_cdecl='sed -n -e '\''s/^T .* \(.*\)$/extern int \1();/p'\'' -e '\''s/^[ABCDGIRSTW]* .* \(.*\)$/extern char \1;/p'\'''
lt_cv_sys_max_cmd_len=1572864
pkg_cv_IRCCLIENT_CFLAGS='-pthread -I/usr/include/glib-2.0 -I/usr/lib/i386-linux-gnu/glib-2.0/include  '
pkg_cv_IRCCLIENT_LIBS='-pthread -L/usr/lib/i386-linux-gnu -lgobject-2.0 -lgthread-2.0 -lrt -lglib-2.0  '

## ----------------- ##
## Output variables. ##
## ----------------- ##

ACLOCAL='${SHELL} /home/wolfgang/Dokumente/IRCClient/missing --run aclocal-1.11'
ALL_LINGUAS=''
AMDEPBACKSLASH='\'
AMDEP_FALSE='#'
AMDEP_TRUE=''
AMTAR='${SHELL} /home/wolfgang/Dokumente/IRCClient/missing --run tar'
AR='ar'
AUTOCONF='${SHELL} /home/wolfgang/Dokumente/IRCClient/missing --run autoconf'
AUTOHEADER='${SHELL} /home/wolfgang/Dokumente/IRCClient/missing --run autoheader'
AUTOMAKE='${SHELL} /home/wolfgang/Dokumente/IRCClient/missing --run automake-1.11'
AWK='mawk'
CATALOGS=''
CATOBJEXT='.gmo'
CC='gcc'
CCDEPMODE='depmode=gcc3'
CFLAGS='-g -O2'
CPP='gcc -E'
CPPFLAGS=''
CYGPATH_W='echo'
DATADIRNAME='share'
DEFS='-DHAVE_CONFIG_H'
DEPDIR='.deps'
DSYMUTIL=''
DUMPBIN=''
ECHO_C=''
ECHO_N='-n'
ECHO_T=''
EGREP='/bin/grep -E'
EXEEXT=''
FGREP='/bin/grep -F'
GETTEXT_PACKAGE='IRCClient'
GMOFILES=''
GMSGFMT='/usr/bin/msgfmt'
GREP='/bin/grep'
INSTALL_DATA='${INSTALL} -m 644'
INSTALL_PROGRAM='${INSTALL}'
INSTALL_SCRIPT='${INSTALL}'
INSTALL_STRIP_PROGRAM='$(install_sh) -c -s'
INSTOBJEXT='.mo'
INTLLIBS=''
INTLTOOL_CAVES_RULE='%.caves:     %.caves.in     $(INTLTOOL_MERGE) $(wildcard $(top_srcdir)/po/*.po) ; LC_ALL=C $(INTLTOOL_MERGE) -d -u -c $(top_builddir)/po/.intltool-merge-cache $(top_srcdir)/po $< $@'
INTLTOOL_DESKTOP_RULE='%.desktop:   %.desktop.in   $(INTLTOOL_MERGE) $(wildcard $(top_srcdir)/po/*.po) ; LC_ALL=C $(INTLTOOL_MERGE) -d -u -c $(top_builddir)/po/.intltool-merge-cache $(top_srcdir)/po $< $@'
INTLTOOL_DIRECTORY_RULE='%.directory: %.directory.in $(INTLTOOL_MERGE) $(wildcard $(top_srcdir)/po/*.po) ; LC_ALL=C $(INTLTOOL_MERGE) -d -u -c $(top_builddir)/po/.intltool-merge-cache $(top_srcdir)/po $< $@'
INTLTOOL_EXTRACT='/usr/bin/intltool-extract'
INTLTOOL_KBD_RULE='%.kbd:       %.kbd.in       $(INTLTOOL_MERGE) $(wildcard $(top_srcdir)/po/*.po) ; LC_ALL=C $(INTLTOOL_MERGE) -x -u -m -c $(top_builddir)/po/.intltool-merge-cache $(top_srcdir)/po $< $@'
INTLTOOL_KEYS_RULE='%.keys:      %.keys.in      $(INTLTOOL_MERGE) $(wildcard $(top_srcdir)/po/*.po) ; LC_ALL=C $(INTLTOOL_MERGE) -k -u -c $(top_builddir)/po/.intltool-merge-cache $(top_srcdir)/po $< $@'
INTLTOOL_MERGE='/usr/bin/intltool-merge'
INTLTOOL_OAF_RULE='%.oaf:       %.oaf.in       $(INTLTOOL_MERGE) $(wildcard $(top_srcdir)/po/*.po) ; LC_ALL=C $(INTLTOOL_MERGE) -o -p $(top_srcdir)/po $< $@'
INTLTOOL_PERL='/usr/bin/perl'
INTLTOOL_POLICY_RULE='%.policy:    %.policy.in    $(INTLTOOL_MERGE) $(wildcard $(top_srcdir)/po/*.po) ; LC_ALL=C $(INTLTOOL_MERGE) -x -u -c $(top_builddir)/po/.intltool-merge-cache $(top_srcdir)/po $< $@'
INTLTOOL_PONG_RULE='%.pong:      %.pong.in      $(INTLTOOL_MERGE) $(wildcard $(top_srcdir)/po/*.po) ; LC_ALL=C $(INTLTOOL_MERGE) -x -u -c $(top_builddir)/po/.intltool-merge-cache $(top_srcdir)/po $< $@'
INTLTOOL_PROP_RULE='%.prop:      %.prop.in      $(INTLTOOL_MERGE) $(wildcard $(top_srcdir)/po/*.po) ; LC_ALL=C $(INTLTOOL_MERGE) -d -u -c $(top_builddir)/po/.intltool-merge-cache $(top_srcdir)/po $< $@'
INTLTOOL_SCHEMAS_RULE='%.schemas:   %.schemas.in   $(INTLTOOL_MERGE) $(wildcard $(top_srcdir)/po/*.po) ; LC_ALL=C $(INTLTOOL_MERGE) -s -u -c $(top_builddir)/po/.intltool-merge-cache $(top_srcdir)/po $< $@'
INTLTOOL_SERVER_RULE='%.server:    %.server.in    $(INTLTOOL_MERGE) $(wildcard $(top_srcdir)/po/*.po) ; LC_ALL=C $(INTLTOOL_MERGE) -o -u -c $(top_builddir)/po/.intltool-merge-cache $(top_srcdir)/po $< $@'
INTLTOOL_SERVICE_RULE='%.service: %.service.in   $(INTLTOOL_MERGE) $(wildcard $(top_srcdir)/po/*.po) ; LC_ALL=C $(INTLTOOL_MERGE) -d -u -c $(top_builddir)/po/.intltool-merge-cache $(top_srcdir)/po $< $@'
INTLTOOL_SHEET_RULE='%.sheet:     %.sheet.in     $(INTLTOOL_MERGE) $(wildcard $(top_srcdir)/po/*.po) ; LC_ALL=C $(INTLTOOL_MERGE) -x -u -c $(top_builddir)/po/.intltool-merge-cache $(top_srcdir)/po $< $@'
INTLTOOL_SOUNDLIST_RULE='%.soundlist: %.soundlist.in $(INTLTOOL_MERGE) $(wildcard $(top_srcdir)/po/*.po) ; LC_ALL=C $(INTLTOOL_MERGE) -d -u -c $(top_builddir)/po/.intltool-merge-cache $(top_srcdir)/po $< $@'
INTLTOOL_THEME_RULE='%.theme:     %.theme.in     $(INTLTOOL_MERGE) $(wildcard $(top_srcdir)/po/*.po) ; LC_ALL=C $(INTLTOOL_MERGE) -d -u -c $(top_builddir)/po/.intltool-merge-cache $(top_srcdir)/po $< $@'
INTLTOOL_UI_RULE='%.ui:        %.ui.in        $(INTLTOOL_MERGE) $(wildcard $(top_srcdir)/po/*.po) ; LC_ALL=C $(INTLTOOL_MERGE) -x -u -c $(top_builddir)/po/.intltool-merge-cache $(top_srcdir)/po $< $@'
INTLTOOL_UPDATE='/usr/bin/intltool-update'
INTLTOOL_XAM_RULE='%.xam:       %.xml.in       $(INTLTOOL_MERGE) $(wildcard $(top_srcdir)/po/*.po) ; LC_ALL=C $(INTLTOOL_MERGE) -x -u -c $(top_builddir)/po/.intltool-merge-cache $(top_srcdir)/po $< $@'
INTLTOOL_XML_NOMERGE_RULE='%.xml:       %.xml.in       $(INTLTOOL_MERGE) ; LC_ALL=C $(INTLTOOL_MERGE) -x -u /tmp $< $@'
INTLTOOL_XML_RULE='%.xml:       %.xml.in       $(INTLTOOL_MERGE) $(wildcard $(top_srcdir)/po/*.po) ; LC_ALL=C $(INTLTOOL_MERGE) -x -u -c $(top_builddir)/po/.intltool-merge-cache $(top_srcdir)/po $< $@'
IRCCLIENT_CFLAGS='-pthread -I/usr/include/glib-2.0 -I/usr/lib/i386-linux-gnu/glib-2.0/include  '
IRCCLIENT_LIBS='-pthread -L/usr/lib/i386-linux-gnu -lgobject-2.0 -lgthread-2.0 -lrt -lglib-2.0  '
LD='/usr/bin/ld'
LDFLAGS=''
LIBOBJS=''
LIBS=''
LIBTOOL='$(SHELL) $(top_builddir)/libtool'
LIPO=''
LN_S='ln -s'
LTLIBOBJS=''
MAINT='#'
MAINTAINER_MODE_FALSE=''
MAINTAINER_MODE_TRUE='#'
MAKEINFO='${SHELL} /home/wolfgang/Dokumente/IRCClient/missing --run makeinfo'
MKDIR_P='/bin/mkdir -p'
MKINSTALLDIRS='./mkinstalldirs'
MSGFMT='/usr/bin/msgfmt'
MSGFMT_OPTS='-c'
MSGMERGE='/usr/bin/msgmerge'
NM='/usr/bin/nm -B'
NMEDIT=''
OBJDUMP='objdump'
OBJEXT='o'
OTOOL64=''
OTOOL=''
PACKAGE='IRCClient'
PACKAGE_BUGREPORT='wolfgang.dinkel@fh-heidelberg.de'
PACKAGE_NAME='IRCClient'
PACKAGE_STRING='IRCClient 0.1.0'
PACKAGE_TARNAME='IRCClient'
PACKAGE_URL=''
PACKAGE_VERSION='0.1.0'
PATH_SEPARATOR=':'
PKG_CONFIG='/usr/bin/pkg-config'
PKG_CONFIG_LIBDIR=''
PKG_CONFIG_PATH=''
POFILES=''
POSUB='po'
PO_IN_DATADIR_FALSE=''
PO_IN_DATADIR_TRUE=''
RANLIB='ranlib'
SED='/bin/sed'
SET_MAKE=''
SHELL='/bin/bash'
STRIP='strip'
USE_NLS='yes'
VALAC='/usr/bin/valac'
VERSION='0.1.0'
XGETTEXT='/usr/bin/xgettext'
ac_ct_CC='gcc'
ac_ct_DUMPBIN=''
am__EXEEXT_FALSE=''
am__EXEEXT_TRUE='#'
am__fastdepCC_FALSE='#'
am__fastdepCC_TRUE=''
am__include='include'
am__isrc=''
am__leading_dot='.'
am__quote=''
am__tar='${AMTAR} chof - "$$tardir"'
am__untar='${AMTAR} xf -'
bindir='${exec_prefix}/bin'
build='i686-pc-linux-gnu'
build_alias=''
build_cpu='i686'
build_os='linux-gnu'
build_vendor='pc'
datadir='${datarootdir}'
datarootdir='${prefix}/share'
docdir='${datarootdir}/doc/${PACKAGE_TARNAME}'
dvidir='${docdir}'
exec_prefix='${prefix}'
host='i686-pc-linux-gnu'
host_alias=''
host_cpu='i686'
host_os='linux-gnu'
host_vendor='pc'
htmldir='${docdir}'
includedir='${prefix}/include'
infodir='${datarootdir}/info'
install_sh='${SHELL} /home/wolfgang/Dokumente/IRCClient/install-sh'
libdir='${exec_prefix}/lib'
libexecdir='${exec_prefix}/libexec'
localedir='${datarootdir}/locale'
localstatedir='${prefix}/var'
lt_ECHO='echo'
mandir='${datarootdir}/man'
mkdir_p='/bin/mkdir -p'
oldincludedir='/usr/include'
pdfdir='${docdir}'
prefix='/usr/local'
program_transform_name='s,x,x,'
psdir='${docdir}'
sbindir='${exec_prefix}/sbin'
sharedstatedir='${prefix}/com'
sysconfdir='${prefix}/etc'
target_alias=''

## ----------- ##
## confdefs.h. ##
## ----------- ##

/* confdefs.h */
#define PACKAGE_NAME "IRCClient"
#define PACKAGE_TARNAME "IRCClient"
#define PACKAGE_VERSION "0.1.0"
#define PACKAGE_STRING "IRCClient 0.1.0"
#define PACKAGE_BUGREPORT "wolfgang.dinkel@fh-heidelberg.de"
#define PACKAGE_URL ""
#define PACKAGE "IRCClient"
#define VERSION "0.1.0"
#define STDC_HEADERS 1
#define HAVE_SYS_TYPES_H 1
#define HAVE_SYS_STAT_H 1
#define HAVE_STDLIB_H 1
#define HAVE_STRING_H 1
#define HAVE_MEMORY_H 1
#define HAVE_STRINGS_H 1
#define HAVE_INTTYPES_H 1
#define HAVE_STDINT_H 1
#define HAVE_UNISTD_H 1
#define HAVE_DLFCN_H 1
#define LT_OBJDIR ".libs/"
#define GETTEXT_PACKAGE "IRCClient"
#define HAVE_LOCALE_H 1
#define HAVE_LC_MESSAGES 1
#define HAVE_BIND_TEXTDOMAIN_CODESET 1
#define HAVE_GETTEXT 1
#define HAVE_DCGETTEXT 1
#define ENABLE_NLS 1

configure: exit 0
